\BOOKMARK [0][-]{chapter.1}{\376\377\000I\000n\000t\000r\000o\000d\000u\000c\000t\000i\000o\000n}{}% 1
\BOOKMARK [1][-]{section.1.1}{\376\377\000C\000o\000n\000t\000e\000x\000t\000e\000\040\000d\000u\000\040\000P\000r\000o\000j\000e\000t}{chapter.1}% 2
\BOOKMARK [1][-]{section.1.2}{\376\377\000O\000b\000j\000e\000c\000t\000i\000f\000s}{chapter.1}% 3
\BOOKMARK [1][-]{section.1.3}{\376\377\000S\000t\000r\000u\000c\000t\000u\000r\000e\000\040\000d\000u\000\040\000R\000a\000p\000p\000o\000r\000t}{chapter.1}% 4
\BOOKMARK [1][-]{section.1.4}{\376\377\000I\000m\000p\000a\000c\000t\000\040\000M\000\351\000t\000i\000e\000r}{chapter.1}% 5
\BOOKMARK [0][-]{chapter.2}{\376\377\000E\000x\000p\000l\000o\000r\000a\000t\000i\000o\000n\000\040\000e\000t\000\040\000P\000r\000\351\000t\000r\000a\000i\000t\000e\000m\000e\000n\000t\000\040\000d\000e\000s\000\040\000D\000o\000n\000n\000\351\000e\000s}{}% 6
\BOOKMARK [1][-]{section.2.1}{\376\377\000D\000e\000s\000c\000r\000i\000p\000t\000i\000o\000n\000\040\000d\000e\000\040\000l\000'\000E\000n\000s\000e\000m\000b\000l\000e\000\040\000d\000e\000\040\000D\000o\000n\000n\000\351\000e\000s}{chapter.2}% 7
\BOOKMARK [1][-]{section.2.2}{\376\377\000A\000n\000a\000l\000y\000s\000e\000\040\000E\000x\000p\000l\000o\000r\000a\000t\000o\000i\000r\000e\000\040\000d\000e\000s\000\040\000D\000o\000n\000n\000\351\000e\000s\000\040\000\050\000E\000D\000A\000\051}{chapter.2}% 8
\BOOKMARK [2][-]{subsection.2.2.1}{\376\377\000D\000i\000s\000t\000r\000i\000b\000u\000t\000i\000o\000n\000\040\000d\000e\000\040\000l\000a\000\040\000V\000a\000r\000i\000a\000b\000l\000e\000\040\000C\000i\000b\000l\000e}{section.2.2}% 9
\BOOKMARK [2][-]{subsection.2.2.2}{\376\377\000A\000n\000a\000l\000y\000s\000e\000\040\000d\000e\000s\000\040\000V\000a\000r\000i\000a\000b\000l\000e\000s\000\040\000N\000u\000m\000\351\000r\000i\000q\000u\000e\000s}{section.2.2}% 10
\BOOKMARK [1][-]{section.2.3}{\376\377\000P\000r\000\351\000t\000r\000a\000i\000t\000e\000m\000e\000n\000t\000\040\000d\000e\000s\000\040\000D\000o\000n\000n\000\351\000e\000s}{chapter.2}% 11
\BOOKMARK [0][-]{chapter.3}{\376\377\000M\000o\000d\000\351\000l\000i\000s\000a\000t\000i\000o\000n}{}% 12
\BOOKMARK [1][-]{section.3.1}{\376\377\000C\000h\000o\000i\000x\000\040\000d\000u\000\040\000M\000o\000d\000\350\000l\000e}{chapter.3}% 13
\BOOKMARK [1][-]{section.3.2}{\376\377\000P\000r\000o\000c\000e\000s\000s\000u\000s\000\040\000d\000'\000E\000n\000t\000r\000a\000\356\000n\000e\000m\000e\000n\000t}{chapter.3}% 14
\BOOKMARK [1][-]{section.3.3}{\376\377\000O\000p\000t\000i\000m\000i\000s\000a\000t\000i\000o\000n\000\040\000d\000e\000s\000\040\000H\000y\000p\000e\000r\000p\000a\000r\000a\000m\000\350\000t\000r\000e\000s}{chapter.3}% 15
\BOOKMARK [1][-]{section.3.4}{\376\377\000\311\000v\000a\000l\000u\000a\000t\000i\000o\000n\000\040\000d\000e\000s\000\040\000P\000e\000r\000f\000o\000r\000m\000a\000n\000c\000e\000s}{chapter.3}% 16
\BOOKMARK [1][-]{section.3.5}{\376\377\000C\000o\000n\000c\000l\000u\000s\000i\000o\000n}{chapter.3}% 17
\BOOKMARK [0][-]{chapter.4}{\376\377\000I\000A\000\040\000E\000x\000p\000l\000i\000c\000a\000b\000l\000e\000\040\000\050\000X\000A\000I\000\051}{}% 18
\BOOKMARK [1][-]{section.4.1}{\376\377\000I\000m\000p\000o\000r\000t\000a\000n\000c\000e\000\040\000d\000e\000\040\000l\000'\000I\000n\000t\000e\000r\000p\000r\000\351\000t\000a\000b\000i\000l\000i\000t\000\351}{chapter.4}% 19
\BOOKMARK [1][-]{section.4.2}{\376\377\000I\000n\000t\000r\000o\000d\000u\000c\000t\000i\000o\000n\000\040\000\340\000\040\000S\000H\000A\000P}{chapter.4}% 20
\BOOKMARK [1][-]{section.4.3}{\376\377\000A\000n\000a\000l\000y\000s\000e\000\040\000d\000e\000s\000\040\000P\000r\000\351\000d\000i\000c\000t\000i\000o\000n\000s}{chapter.4}% 21
\BOOKMARK [2][-]{subsection.4.3.1}{\376\377\000I\000m\000p\000o\000r\000t\000a\000n\000c\000e\000\040\000G\000l\000o\000b\000a\000l\000e\000\040\000d\000e\000s\000\040\000C\000a\000r\000a\000c\000t\000\351\000r\000i\000s\000t\000i\000q\000u\000e\000s}{section.4.3}% 22
\BOOKMARK [2][-]{subsection.4.3.2}{\376\377\000D\000i\000a\000g\000n\000o\000s\000t\000i\000c\000\040\000I\000n\000d\000i\000v\000i\000d\000u\000e\000l\000\040\000d\000e\000s\000\040\000C\000l\000i\000e\000n\000t\000s}{section.4.3}% 23
\BOOKMARK [0][-]{chapter.5}{\376\377\000A\000p\000p\000l\000i\000c\000a\000t\000i\000o\000n\000\040\000e\000t\000\040\000D\000\351\000p\000l\000o\000i\000e\000m\000e\000n\000t}{}% 24
\BOOKMARK [1][-]{section.5.1}{\376\377\000P\000r\000\351\000s\000e\000n\000t\000a\000t\000i\000o\000n\000\040\000d\000e\000\040\000l\000'\000A\000p\000p\000l\000i\000c\000a\000t\000i\000o\000n\000\040\000S\000t\000r\000e\000a\000m\000l\000i\000t}{chapter.5}% 25
\BOOKMARK [1][-]{section.5.2}{\376\377\000A\000r\000c\000h\000i\000t\000e\000c\000t\000u\000r\000e\000\040\000e\000t\000\040\000F\000o\000n\000c\000t\000i\000o\000n\000n\000a\000l\000i\000t\000\351\000s}{chapter.5}% 26
\BOOKMARK [2][-]{subsection.5.2.1}{\376\377\000P\000a\000g\000e\000\040\0001\000\040\000:\000\040\000G\000l\000o\000b\000a\000l\000\040\000A\000n\000a\000l\000y\000t\000i\000c\000s\000\040\000D\000a\000s\000h\000b\000o\000a\000r\000d}{section.5.2}% 27
\BOOKMARK [2][-]{subsection.5.2.2}{\376\377\000P\000a\000g\000e\000\040\0002\000\040\000:\000\040\000C\000u\000s\000t\000o\000m\000e\000r\000\040\000D\000i\000a\000g\000n\000o\000s\000i\000s}{section.5.2}% 28
\BOOKMARK [1][-]{section.5.3}{\376\377\000C\000o\000n\000c\000e\000p\000t\000i\000o\000n\000\040\000d\000e\000\040\000l\000'\000I\000n\000t\000e\000r\000f\000a\000c\000e\000\040\000U\000t\000i\000l\000i\000s\000a\000t\000e\000u\000r\000\040\000\050\000U\000I\000/\000U\000X\000\051}{chapter.5}% 29
\BOOKMARK [1][-]{section.5.4}{\376\377\000D\000\351\000p\000l\000o\000i\000e\000m\000e\000n\000t}{chapter.5}% 30
\BOOKMARK [2][-]{subsection.5.4.1}{\376\377\000E\000x\000\351\000c\000u\000t\000i\000o\000n\000\040\000L\000o\000c\000a\000l\000e}{section.5.4}% 31
\BOOKMARK [2][-]{subsection.5.4.2}{\376\377\000D\000\351\000p\000l\000o\000i\000e\000m\000e\000n\000t\000\040\000e\000n\000\040\000P\000r\000o\000d\000u\000c\000t\000i\000o\000n}{section.5.4}% 32
\BOOKMARK [0][-]{chapter.6}{\376\377\000C\000o\000n\000c\000l\000u\000s\000i\000o\000n\000\040\000e\000t\000\040\000P\000e\000r\000s\000p\000e\000c\000t\000i\000v\000e\000s}{}% 33
\BOOKMARK [1][-]{section.6.1}{\376\377\000R\000\351\000s\000u\000m\000\351\000\040\000d\000u\000\040\000P\000r\000o\000j\000e\000t}{chapter.6}% 34
\BOOKMARK [1][-]{section.6.2}{\376\377\000P\000r\000i\000n\000c\000i\000p\000a\000u\000x\000\040\000R\000\351\000s\000u\000l\000t\000a\000t\000s}{chapter.6}% 35
\BOOKMARK [1][-]{section.6.3}{\376\377\000L\000i\000m\000i\000t\000e\000s\000\040\000e\000t\000\040\000P\000e\000r\000s\000p\000e\000c\000t\000i\000v\000e\000s}{chapter.6}% 36
\BOOKMARK [2][-]{subsection.6.3.1}{\376\377\000L\000i\000m\000i\000t\000e\000s\000\040\000A\000c\000t\000u\000e\000l\000l\000e\000s}{section.6.3}% 37
\BOOKMARK [2][-]{subsection.6.3.2}{\376\377\000P\000e\000r\000s\000p\000e\000c\000t\000i\000v\000e\000s\000\040\000d\000'\000\311\000v\000o\000l\000u\000t\000i\000o\000n}{section.6.3}% 38
\BOOKMARK [0][-]{appendix.A}{\376\377\000A\000n\000n\000e\000x\000e}{}% 39
\BOOKMARK [1][-]{section.A.1}{\376\377\000C\000o\000d\000e\000\040\000S\000o\000u\000r\000c\000e\000\040\000S\000\351\000l\000e\000c\000t\000i\000o\000n\000n\000\351}{appendix.A}% 40
\BOOKMARK [2][-]{subsection.A.1.1}{\376\377\000E\000x\000t\000r\000a\000i\000t\000\040\000d\000e\000\040\000a\000p\000p\000.\000p\000y\000\040\000\050\000C\000S\000S\000\040\000P\000e\000r\000s\000o\000n\000n\000a\000l\000i\000s\000\351\000\051}{section.A.1}% 41
\BOOKMARK [1][-]{section.A.2}{\376\377\000D\000\351\000p\000e\000n\000d\000a\000n\000c\000e\000s\000\040\000d\000u\000\040\000P\000r\000o\000j\000e\000t}{appendix.A}% 42
\BOOKMARK [1][-]{section.A.3}{\376\377\000S\000t\000r\000u\000c\000t\000u\000r\000e\000\040\000d\000u\000\040\000P\000r\000o\000j\000e\000t}{appendix.A}% 43
\BOOKMARK [0][-]{appendix.B}{\376\377\000G\000l\000o\000s\000s\000a\000i\000r\000e}{}% 44
